<?xml version="1.0" encoding="UTF-8"?>
<!-- Generated by org.testng.reporters.JUnitReportReporter -->
<testsuite hostname="DESKTOP-3J4MBBJ" name="vaishnavilearning.Seleniumtest" tests="1" failures="0" timestamp="18 Jan 2018 06:45:27 GMT" time="0.016" errors="0">
  <testcase name="primary" time="0.016" classname="vaishnavilearning.Seleniumtest"/>
</testsuite> <!-- vaishnavilearning.Seleniumtest -->
