<?xml version="1.0" encoding="UTF-8"?>
<!-- Generated by org.testng.reporters.JUnitReportReporter -->
<testsuite hostname="DESKTOP-3J4MBBJ" name="vaishnavilearning.Inheritencetest" tests="1" failures="0" timestamp="18 Jan 2018 06:45:27 GMT" time="0.000" errors="0">
  <testcase name="testing" time="0.000" classname="vaishnavilearning.Inheritencetest"/>
</testsuite> <!-- vaishnavilearning.Inheritencetest -->
