<?xml version="1.0" encoding="UTF-8"?>
<!-- Generated by org.testng.reporters.JUnitReportReporter -->
<testsuite hostname="DESKTOP-3J4MBBJ" name="vaishnavilearning.Testingtest" tests="1" failures="0" timestamp="18 Jan 2018 19:50:40 GMT" time="0.000" errors="0">
  <testcase name="secondary" time="0.000" classname="vaishnavilearning.Testingtest"/>
</testsuite> <!-- vaishnavilearning.Testingtest -->
