<?xml version="1.0" encoding="UTF-8"?>
<!-- Generated by org.testng.reporters.JUnitReportReporter -->
<testsuite hostname="DESKTOP-3J4MBBJ" name="vaishnavilearning.Seleniumtest" tests="1" failures="0" timestamp="18 Jan 2018 19:50:40 GMT" time="0.018" errors="0">
  <testcase name="primary" time="0.018" classname="vaishnavilearning.Seleniumtest"/>
</testsuite> <!-- vaishnavilearning.Seleniumtest -->
